{"meta": {"version": "7.3.2", "timestamp": "2023-12-10T17:50:20.031423", "branch_coverage": false, "show_contexts": false}, "files": {"renamer\\__init__.py": {"executed_lines": [0], "summary": {"covered_lines": 0, "num_statements": 0, "percent_covered": 100.0, "percent_covered_display": "100", "missing_lines": 0, "excluded_lines": 0}, "missing_lines": [], "excluded_lines": []}, "renamer\\class_renamer.py": {"executed_lines": [1, 4, 6, 7, 8, 9, 11, 12, 13, 14, 18, 19, 20, 21, 23, 25, 26, 27, 28, 29, 30, 31, 32, 34, 36, 37, 38, 39, 43, 44, 46, 47, 49, 50, 52, 53, 55, 56, 59, 60, 61, 62, 63, 64], "summary": {"covered_lines": 44, "num_statements": 46, "percent_covered": 95.65217391304348, "percent_covered_display": "96", "missing_lines": 2, "excluded_lines": 0}, "missing_lines": [16, 41], "excluded_lines": []}, "renamer\\func_renamer.py": {"executed_lines": [1, 4, 6, 7, 8, 9, 11, 12, 13, 14, 18, 19, 20, 21, 23, 25, 26, 27, 28, 29, 30, 31, 32, 34, 36, 37, 38, 39, 41, 42, 44, 45, 47, 48, 50, 51, 53, 54, 57, 58, 59, 60, 61], "summary": {"covered_lines": 43, "num_statements": 44, "percent_covered": 97.72727272727273, "percent_covered_display": "98", "missing_lines": 1, "excluded_lines": 0}, "missing_lines": [16], "excluded_lines": []}, "renamer\\var_renamer.py": {"executed_lines": [1, 4, 6, 7, 8, 9, 11, 12, 13, 15, 17, 18, 20, 21, 23, 25, 26, 27, 29, 30, 33, 34, 35, 36, 37], "summary": {"covered_lines": 25, "num_statements": 27, "percent_covered": 92.5925925925926, "percent_covered_display": "93", "missing_lines": 2, "excluded_lines": 0}, "missing_lines": [22, 28], "excluded_lines": []}}, "totals": {"covered_lines": 112, "num_statements": 117, "percent_covered": 95.72649572649573, "percent_covered_display": "96", "missing_lines": 5, "excluded_lines": 0}}